<?xml version="1.0" encoding="UTF-8"?>
<!-- Generated by org.testng.reporters.JUnitReportReporter -->
<testsuite hostname="Manoels-MBP" name="com.sortable.service.MatchingServiceTest" tests="1" failures="0" timestamp="1 Feb 2016 07:15:12 GMT" time="0.770" errors="0">
  <testcase name="matchUsingIndex" time="0.770" classname="com.sortable.service.MatchingServiceTest"/>
</testsuite> <!-- com.sortable.service.MatchingServiceTest -->
